[35m[1mScanning dependencies of target _super_msgs_generate_messages_check_deps_PolynomialTrajectory[0m
[35m[1mScanning dependencies of target geometry_msgs_generate_messages_eus[0m
[35m[1mScanning dependencies of target _super_msgs_generate_messages_check_deps_QuadrotorState[0m
[35m[1mScanning dependencies of target _super_msgs_generate_messages_check_deps_PositionCommand[0m
[35m[1mScanning dependencies of target _super_msgs_generate_messages_check_deps_MpcPositionCommand[0m
[35m[1mScanning dependencies of target _super_msgs_generate_messages_check_deps_TrakingPerformance[0m
[35m[1mScanning dependencies of target nav_msgs_generate_messages_eus[0m
[  0%] Built target geometry_msgs_generate_messages_eus
[  0%] Built target nav_msgs_generate_messages_eus
[35m[1mScanning dependencies of target geometry_msgs_generate_messages_py[0m
[35m[1mScanning dependencies of target nav_msgs_generate_messages_py[0m
[  0%] Built target _super_msgs_generate_messages_check_deps_TrakingPerformance
[  0%] Built target _super_msgs_generate_messages_check_deps_MpcPositionCommand
[  0%] Built target geometry_msgs_generate_messages_py
[  0%] Built target _super_msgs_generate_messages_check_deps_QuadrotorState
[  0%] Built target _super_msgs_generate_messages_check_deps_PositionCommand
[  0%] Built target _super_msgs_generate_messages_check_deps_PolynomialTrajectory
[35m[1mScanning dependencies of target nav_msgs_generate_messages_nodejs[0m
[  0%] Built target nav_msgs_generate_messages_py
[35m[1mScanning dependencies of target nav_msgs_generate_messages_lisp[0m
[35m[1mScanning dependencies of target geometry_msgs_generate_messages_lisp[0m
[35m[1mScanning dependencies of target geometry_msgs_generate_messages_nodejs[0m
[35m[1mScanning dependencies of target geometry_msgs_generate_messages_cpp[0m
[35m[1mScanning dependencies of target nav_msgs_generate_messages_cpp[0m
[  0%] Built target nav_msgs_generate_messages_nodejs
[  0%] Built target nav_msgs_generate_messages_lisp
[35m[1mScanning dependencies of target super_msgs_generate_messages_eus[0m
[  0%] Built target geometry_msgs_generate_messages_lisp
[  0%] Built target geometry_msgs_generate_messages_nodejs
[35m[1mScanning dependencies of target super_msgs_generate_messages_nodejs[0m
[  0%] Built target geometry_msgs_generate_messages_cpp
[  0%] Built target nav_msgs_generate_messages_cpp
[35m[1mScanning dependencies of target super_msgs_generate_messages_py[0m
[35m[1mScanning dependencies of target super_msgs_generate_messages_lisp[0m
[  3%] [34m[1mGenerating EusLisp code from super_msgs/PositionCommand.msg[0m
[35m[1mScanning dependencies of target super_msgs_generate_messages_cpp[0m
[ 11%] [34m[1mGenerating Javascript code from super_msgs/MpcPositionCommand.msg[0m
[ 11%] [34m[1mGenerating Javascript code from super_msgs/PositionCommand.msg[0m
[ 14%] [34m[1mGenerating EusLisp code from super_msgs/MpcPositionCommand.msg[0m
[ 18%] [34m[1mGenerating Lisp code from super_msgs/PositionCommand.msg[0m
[ 22%] [34m[1mGenerating Python from MSG super_msgs/PositionCommand[0m
[ 25%] [34m[1mGenerating C++ code from super_msgs/PositionCommand.msg[0m
[ 29%] [34m[1mGenerating Python from MSG super_msgs/MpcPositionCommand[0m
[ 33%] [34m[1mGenerating Javascript code from super_msgs/PolynomialTrajectory.msg[0m
[ 40%] [34m[1mGenerating Lisp code from super_msgs/MpcPositionCommand.msg[0m
[ 40%] [34m[1mGenerating EusLisp code from super_msgs/PolynomialTrajectory.msg[0m
[ 44%] [34m[1mGenerating Javascript code from super_msgs/TrakingPerformance.msg[0m
[ 48%] [34m[1mGenerating Javascript code from super_msgs/QuadrotorState.msg[0m
[ 51%] [34m[1mGenerating C++ code from super_msgs/MpcPositionCommand.msg[0m
[ 55%] [34m[1mGenerating Lisp code from super_msgs/PolynomialTrajectory.msg[0m
[ 59%] [34m[1mGenerating Lisp code from super_msgs/TrakingPerformance.msg[0m
[ 59%] Built target super_msgs_generate_messages_nodejs
[ 62%] [34m[1mGenerating EusLisp code from super_msgs/TrakingPerformance.msg[0m
[ 66%] [34m[1mGenerating C++ code from super_msgs/PolynomialTrajectory.msg[0m
[ 70%] [34m[1mGenerating Lisp code from super_msgs/QuadrotorState.msg[0m
[ 74%] [34m[1mGenerating C++ code from super_msgs/TrakingPerformance.msg[0m
[ 77%] [34m[1mGenerating C++ code from super_msgs/QuadrotorState.msg[0m
[ 81%] [34m[1mGenerating Python from MSG super_msgs/PolynomialTrajectory[0m
[ 81%] Built target super_msgs_generate_messages_lisp
[ 85%] [34m[1mGenerating Python from MSG super_msgs/TrakingPerformance[0m
[ 88%] [34m[1mGenerating EusLisp code from super_msgs/QuadrotorState.msg[0m
[ 92%] [34m[1mGenerating EusLisp manifest code for super_msgs[0m
[ 96%] [34m[1mGenerating Python from MSG super_msgs/QuadrotorState[0m
[ 96%] Built target super_msgs_generate_messages_cpp
[100%] [34m[1mGenerating Python msg __init__.py for super_msgs[0m
[100%] Built target super_msgs_generate_messages_eus
[100%] Built target super_msgs_generate_messages_py
[35m[1mScanning dependencies of target super_msgs_generate_messages[0m
[100%] Built target super_msgs_generate_messages
