[  0%] Built target geometry_msgs_generate_messages_eus
[  0%] Built target nav_msgs_generate_messages_eus
[  0%] Built target _super_msgs_generate_messages_check_deps_MpcPositionCommand
[  0%] Built target _super_msgs_generate_messages_check_deps_PolynomialTrajectory
[  0%] Built target _super_msgs_generate_messages_check_deps_TrakingPerformance
[  0%] Built target _super_msgs_generate_messages_check_deps_PositionCommand
[  0%] Built target _super_msgs_generate_messages_check_deps_QuadrotorState
[  0%] Built target nav_msgs_generate_messages_py
[  0%] Built target geometry_msgs_generate_messages_py
[  0%] Built target nav_msgs_generate_messages_nodejs
[  0%] Built target geometry_msgs_generate_messages_nodejs
[  0%] Built target geometry_msgs_generate_messages_lisp
[  0%] Built target nav_msgs_generate_messages_lisp
[  0%] Built target nav_msgs_generate_messages_cpp
[  0%] Built target geometry_msgs_generate_messages_cpp
[ 37%] Built target super_msgs_generate_messages_lisp
[ 44%] Built target super_msgs_generate_messages_eus
[ 59%] Built target super_msgs_generate_messages_nodejs
[ 81%] Built target super_msgs_generate_messages_py
[100%] Built target super_msgs_generate_messages_cpp
[100%] Built target super_msgs_generate_messages
