Linked: (/workspace/devel/.private/super_msgs/include/super_msgs/PositionCommand.h, /workspace/devel/include/super_msgs/PositionCommand.h)
Linked: (/workspace/devel/.private/super_msgs/include/super_msgs/QuadrotorState.h, /workspace/devel/include/super_msgs/QuadrotorState.h)
Linked: (/workspace/devel/.private/super_msgs/include/super_msgs/TrakingPerformance.h, /workspace/devel/include/super_msgs/TrakingPerformance.h)
Linked: (/workspace/devel/.private/super_msgs/include/super_msgs/PolynomialTrajectory.h, /workspace/devel/include/super_msgs/PolynomialTrajectory.h)
Linked: (/workspace/devel/.private/super_msgs/include/super_msgs/MpcPositionCommand.h, /workspace/devel/include/super_msgs/MpcPositionCommand.h)
Linked: (/workspace/devel/.private/super_msgs/lib/pkgconfig/super_msgs.pc, /workspace/devel/lib/pkgconfig/super_msgs.pc)
Linked: (/workspace/devel/.private/super_msgs/lib/python3/dist-packages/super_msgs/__init__.py, /workspace/devel/lib/python3/dist-packages/super_msgs/__init__.py)
Linked: (/workspace/devel/.private/super_msgs/lib/python3/dist-packages/super_msgs/msg/_PolynomialTrajectory.py, /workspace/devel/lib/python3/dist-packages/super_msgs/msg/_PolynomialTrajectory.py)
Linked: (/workspace/devel/.private/super_msgs/lib/python3/dist-packages/super_msgs/msg/__init__.py, /workspace/devel/lib/python3/dist-packages/super_msgs/msg/__init__.py)
Linked: (/workspace/devel/.private/super_msgs/lib/python3/dist-packages/super_msgs/msg/_PositionCommand.py, /workspace/devel/lib/python3/dist-packages/super_msgs/msg/_PositionCommand.py)
Linked: (/workspace/devel/.private/super_msgs/lib/python3/dist-packages/super_msgs/msg/_MpcPositionCommand.py, /workspace/devel/lib/python3/dist-packages/super_msgs/msg/_MpcPositionCommand.py)
Linked: (/workspace/devel/.private/super_msgs/lib/python3/dist-packages/super_msgs/msg/_QuadrotorState.py, /workspace/devel/lib/python3/dist-packages/super_msgs/msg/_QuadrotorState.py)
Linked: (/workspace/devel/.private/super_msgs/lib/python3/dist-packages/super_msgs/msg/_TrakingPerformance.py, /workspace/devel/lib/python3/dist-packages/super_msgs/msg/_TrakingPerformance.py)
Linked: (/workspace/devel/.private/super_msgs/share/super_msgs/cmake/super_msgsConfig-version.cmake, /workspace/devel/share/super_msgs/cmake/super_msgsConfig-version.cmake)
Linked: (/workspace/devel/.private/super_msgs/share/super_msgs/cmake/super_msgs-msg-paths.cmake, /workspace/devel/share/super_msgs/cmake/super_msgs-msg-paths.cmake)
Linked: (/workspace/devel/.private/super_msgs/share/super_msgs/cmake/super_msgs-msg-extras.cmake, /workspace/devel/share/super_msgs/cmake/super_msgs-msg-extras.cmake)
Linked: (/workspace/devel/.private/super_msgs/share/super_msgs/cmake/super_msgsConfig.cmake, /workspace/devel/share/super_msgs/cmake/super_msgsConfig.cmake)
Linked: (/workspace/devel/.private/super_msgs/share/roseus/ros/super_msgs/manifest.l, /workspace/devel/share/roseus/ros/super_msgs/manifest.l)
Linked: (/workspace/devel/.private/super_msgs/share/roseus/ros/super_msgs/msg/QuadrotorState.l, /workspace/devel/share/roseus/ros/super_msgs/msg/QuadrotorState.l)
Linked: (/workspace/devel/.private/super_msgs/share/roseus/ros/super_msgs/msg/TrakingPerformance.l, /workspace/devel/share/roseus/ros/super_msgs/msg/TrakingPerformance.l)
Linked: (/workspace/devel/.private/super_msgs/share/roseus/ros/super_msgs/msg/PolynomialTrajectory.l, /workspace/devel/share/roseus/ros/super_msgs/msg/PolynomialTrajectory.l)
Linked: (/workspace/devel/.private/super_msgs/share/roseus/ros/super_msgs/msg/MpcPositionCommand.l, /workspace/devel/share/roseus/ros/super_msgs/msg/MpcPositionCommand.l)
Linked: (/workspace/devel/.private/super_msgs/share/roseus/ros/super_msgs/msg/PositionCommand.l, /workspace/devel/share/roseus/ros/super_msgs/msg/PositionCommand.l)
Linked: (/workspace/devel/.private/super_msgs/share/common-lisp/ros/super_msgs/msg/MpcPositionCommand.lisp, /workspace/devel/share/common-lisp/ros/super_msgs/msg/MpcPositionCommand.lisp)
Linked: (/workspace/devel/.private/super_msgs/share/common-lisp/ros/super_msgs/msg/super_msgs-msg.asd, /workspace/devel/share/common-lisp/ros/super_msgs/msg/super_msgs-msg.asd)
Linked: (/workspace/devel/.private/super_msgs/share/common-lisp/ros/super_msgs/msg/_package_PositionCommand.lisp, /workspace/devel/share/common-lisp/ros/super_msgs/msg/_package_PositionCommand.lisp)
Linked: (/workspace/devel/.private/super_msgs/share/common-lisp/ros/super_msgs/msg/PolynomialTrajectory.lisp, /workspace/devel/share/common-lisp/ros/super_msgs/msg/PolynomialTrajectory.lisp)
Linked: (/workspace/devel/.private/super_msgs/share/common-lisp/ros/super_msgs/msg/_package_PolynomialTrajectory.lisp, /workspace/devel/share/common-lisp/ros/super_msgs/msg/_package_PolynomialTrajectory.lisp)
Linked: (/workspace/devel/.private/super_msgs/share/common-lisp/ros/super_msgs/msg/_package_QuadrotorState.lisp, /workspace/devel/share/common-lisp/ros/super_msgs/msg/_package_QuadrotorState.lisp)
Linked: (/workspace/devel/.private/super_msgs/share/common-lisp/ros/super_msgs/msg/_package_MpcPositionCommand.lisp, /workspace/devel/share/common-lisp/ros/super_msgs/msg/_package_MpcPositionCommand.lisp)
Linked: (/workspace/devel/.private/super_msgs/share/common-lisp/ros/super_msgs/msg/PositionCommand.lisp, /workspace/devel/share/common-lisp/ros/super_msgs/msg/PositionCommand.lisp)
Linked: (/workspace/devel/.private/super_msgs/share/common-lisp/ros/super_msgs/msg/_package.lisp, /workspace/devel/share/common-lisp/ros/super_msgs/msg/_package.lisp)
Linked: (/workspace/devel/.private/super_msgs/share/common-lisp/ros/super_msgs/msg/_package_TrakingPerformance.lisp, /workspace/devel/share/common-lisp/ros/super_msgs/msg/_package_TrakingPerformance.lisp)
Linked: (/workspace/devel/.private/super_msgs/share/common-lisp/ros/super_msgs/msg/TrakingPerformance.lisp, /workspace/devel/share/common-lisp/ros/super_msgs/msg/TrakingPerformance.lisp)
Linked: (/workspace/devel/.private/super_msgs/share/common-lisp/ros/super_msgs/msg/QuadrotorState.lisp, /workspace/devel/share/common-lisp/ros/super_msgs/msg/QuadrotorState.lisp)
Linked: (/workspace/devel/.private/super_msgs/share/gennodejs/ros/super_msgs/_index.js, /workspace/devel/share/gennodejs/ros/super_msgs/_index.js)
Linked: (/workspace/devel/.private/super_msgs/share/gennodejs/ros/super_msgs/msg/_index.js, /workspace/devel/share/gennodejs/ros/super_msgs/msg/_index.js)
Linked: (/workspace/devel/.private/super_msgs/share/gennodejs/ros/super_msgs/msg/MpcPositionCommand.js, /workspace/devel/share/gennodejs/ros/super_msgs/msg/MpcPositionCommand.js)
Linked: (/workspace/devel/.private/super_msgs/share/gennodejs/ros/super_msgs/msg/PositionCommand.js, /workspace/devel/share/gennodejs/ros/super_msgs/msg/PositionCommand.js)
Linked: (/workspace/devel/.private/super_msgs/share/gennodejs/ros/super_msgs/msg/PolynomialTrajectory.js, /workspace/devel/share/gennodejs/ros/super_msgs/msg/PolynomialTrajectory.js)
Linked: (/workspace/devel/.private/super_msgs/share/gennodejs/ros/super_msgs/msg/TrakingPerformance.js, /workspace/devel/share/gennodejs/ros/super_msgs/msg/TrakingPerformance.js)
Linked: (/workspace/devel/.private/super_msgs/share/gennodejs/ros/super_msgs/msg/QuadrotorState.js, /workspace/devel/share/gennodejs/ros/super_msgs/msg/QuadrotorState.js)
