[  0%] Built target geometry_msgs_generate_messages_eus
[  0%] Built target nav_msgs_generate_messages_py
[  0%] Built target _super_msgs_generate_messages_check_deps_QuadrotorState
[  0%] Built target nav_msgs_generate_messages_eus
[  0%] Built target _super_msgs_generate_messages_check_deps_PositionCommand
[  0%] Built target _super_msgs_generate_messages_check_deps_PolynomialTrajectory
[  0%] Built target _super_msgs_generate_messages_check_deps_TrakingPerformance
[  0%] Built target _super_msgs_generate_messages_check_deps_MpcPositionCommand
[  0%] Built target geometry_msgs_generate_messages_py
[  0%] Built target nav_msgs_generate_messages_nodejs
[  0%] Built target nav_msgs_generate_messages_lisp
[  0%] Built target geometry_msgs_generate_messages_nodejs
[  0%] Built target geometry_msgs_generate_messages_lisp
[  0%] Built target geometry_msgs_generate_messages_cpp
[  0%] Built target nav_msgs_generate_messages_cpp
[ 22%] Built target super_msgs_generate_messages_eus
[ 44%] Built target super_msgs_generate_messages_py
[ 62%] Built target super_msgs_generate_messages_nodejs
[100%] Built target super_msgs_generate_messages_cpp
[100%] Built target super_msgs_generate_messages_lisp
[100%] Built target super_msgs_generate_messages
