[35m[1mScanning dependencies of target perfect_drone[0m
[ 50%] [32mBuilding CXX object CMakeFiles/perfect_drone.dir/src/ros1_perfect_drone_node.cpp.o[0m
[100%] [32m[1mLinking CXX executable /home/thurdparty/Code/SUPER/devel/.private/perfect_drone_sim/lib/perfect_drone_sim/perfect_drone[0m
/usr/bin/ld: CMakeFiles/perfect_drone.dir/src/ros1_perfect_drone_node.cpp.o: in function `YAML::TypedBadConversion<std::__cxx11::basic_string<char, std::char_traits<char>, std::allocator<char> > >::~TypedBadConversion()':
/usr/include/yaml-cpp/exceptions.h:212: undefined reference to `YAML::BadConversion::~BadConversion()'
/usr/bin/ld: CMakeFiles/perfect_drone.dir/src/ros1_perfect_drone_node.cpp.o: in function `YAML::TypedBadConversion<std::__cxx11::basic_string<char, std::char_traits<char>, std::allocator<char> > >::~TypedBadConversion()':
/usr/include/yaml-cpp/exceptions.h:212: undefined reference to `YAML::BadConversion::~BadConversion()'
/usr/bin/ld: CMakeFiles/perfect_drone.dir/src/ros1_perfect_drone_node.cpp.o: in function `YAML::TypedBadConversion<double>::~TypedBadConversion()':
/usr/include/yaml-cpp/exceptions.h:212: undefined reference to `YAML::BadConversion::~BadConversion()'
/usr/bin/ld: CMakeFiles/perfect_drone.dir/src/ros1_perfect_drone_node.cpp.o: in function `YAML::TypedBadConversion<double>::~TypedBadConversion()':
/usr/include/yaml-cpp/exceptions.h:212: undefined reference to `YAML::BadConversion::~BadConversion()'
/usr/bin/ld: CMakeFiles/perfect_drone.dir/src/ros1_perfect_drone_node.cpp.o: in function `YAML::TypedBadConversion<int>::~TypedBadConversion()':
/usr/include/yaml-cpp/exceptions.h:212: undefined reference to `YAML::BadConversion::~BadConversion()'
/usr/bin/ld: CMakeFiles/perfect_drone.dir/src/ros1_perfect_drone_node.cpp.o:/usr/include/yaml-cpp/exceptions.h:212: more undefined references to `YAML::BadConversion::~BadConversion()' follow
/usr/bin/ld: CMakeFiles/perfect_drone.dir/src/ros1_perfect_drone_node.cpp.o: in function `YAML::Exception::Exception(YAML::Mark const&, std::__cxx11::basic_string<char, std::char_traits<char>, std::allocator<char> > const&)':
/usr/include/yaml-cpp/exceptions.h:122: undefined reference to `vtable for YAML::Exception'
/usr/bin/ld: CMakeFiles/perfect_drone.dir/src/ros1_perfect_drone_node.cpp.o: in function `YAML::RepresentationException::RepresentationException(YAML::Mark const&, std::__cxx11::basic_string<char, std::char_traits<char>, std::allocator<char> > const&)':
/usr/include/yaml-cpp/exceptions.h:155: undefined reference to `vtable for YAML::RepresentationException'
/usr/bin/ld: CMakeFiles/perfect_drone.dir/src/ros1_perfect_drone_node.cpp.o: in function `YAML::BadConversion::BadConversion(YAML::Mark const&)':
/usr/include/yaml-cpp/exceptions.h:206: undefined reference to `vtable for YAML::BadConversion'
/usr/bin/ld: CMakeFiles/perfect_drone.dir/src/ros1_perfect_drone_node.cpp.o: in function `YAML::Exception::Exception(YAML::Mark const&, std::__cxx11::basic_string<char, std::char_traits<char>, std::allocator<char> > const&)':
/usr/include/yaml-cpp/exceptions.h:122: undefined reference to `vtable for YAML::Exception'
/usr/bin/ld: CMakeFiles/perfect_drone.dir/src/ros1_perfect_drone_node.cpp.o: in function `YAML::RepresentationException::RepresentationException(YAML::Mark const&, std::__cxx11::basic_string<char, std::char_traits<char>, std::allocator<char> > const&)':
/usr/include/yaml-cpp/exceptions.h:155: undefined reference to `vtable for YAML::RepresentationException'
/usr/bin/ld: CMakeFiles/perfect_drone.dir/src/ros1_perfect_drone_node.cpp.o: in function `YAML::InvalidNode::InvalidNode()':
/usr/include/yaml-cpp/exceptions.h:198: undefined reference to `vtable for YAML::InvalidNode'
/usr/bin/ld: CMakeFiles/perfect_drone.dir/src/ros1_perfect_drone_node.cpp.o: in function `YAML::Node::Type() const':
/usr/include/yaml-cpp/node/impl.h:78: undefined reference to `YAML::InvalidNode::~InvalidNode()'
/usr/bin/ld: /usr/include/yaml-cpp/node/impl.h:78: undefined reference to `typeinfo for YAML::InvalidNode'
/usr/bin/ld: CMakeFiles/perfect_drone.dir/src/ros1_perfect_drone_node.cpp.o: in function `YAML::Node::Mark() const':
/usr/include/yaml-cpp/node/impl.h:71: undefined reference to `YAML::InvalidNode::~InvalidNode()'
/usr/bin/ld: /usr/include/yaml-cpp/node/impl.h:71: undefined reference to `typeinfo for YAML::InvalidNode'
/usr/bin/ld: CMakeFiles/perfect_drone.dir/src/ros1_perfect_drone_node.cpp.o: in function `YAML::Exception::Exception(YAML::Mark const&, std::__cxx11::basic_string<char, std::char_traits<char>, std::allocator<char> > const&)':
/usr/include/yaml-cpp/exceptions.h:122: undefined reference to `vtable for YAML::Exception'
/usr/bin/ld: CMakeFiles/perfect_drone.dir/src/ros1_perfect_drone_node.cpp.o: in function `YAML::RepresentationException::RepresentationException(YAML::Mark const&, std::__cxx11::basic_string<char, std::char_traits<char>, std::allocator<char> > const&)':
/usr/include/yaml-cpp/exceptions.h:155: undefined reference to `vtable for YAML::RepresentationException'
/usr/bin/ld: CMakeFiles/perfect_drone.dir/src/ros1_perfect_drone_node.cpp.o: in function `YAML::BadSubscript::BadSubscript()':
/usr/include/yaml-cpp/exceptions.h:228: undefined reference to `vtable for YAML::BadSubscript'
/usr/bin/ld: CMakeFiles/perfect_drone.dir/src/ros1_perfect_drone_node.cpp.o: in function `YAML::detail::node_ref::mark_defined()':
/usr/include/yaml-cpp/node/detail/node_ref.h:30: undefined reference to `YAML::detail::node_data::mark_defined()'
/usr/bin/ld: CMakeFiles/perfect_drone.dir/src/ros1_perfect_drone_node.cpp.o: in function `YAML::detail::memory_holder::create_node()':
/usr/include/yaml-cpp/node/detail/memory.h:37: undefined reference to `YAML::detail::memory::create_node()'
/usr/bin/ld: CMakeFiles/perfect_drone.dir/src/ros1_perfect_drone_node.cpp.o: in function `YAML::detail::node_ref::mark_defined()':
/usr/include/yaml-cpp/node/detail/node_ref.h:30: undefined reference to `YAML::detail::node_data::mark_defined()'
/usr/bin/ld: CMakeFiles/perfect_drone.dir/src/ros1_perfect_drone_node.cpp.o: in function `YAML::Node::EnsureNodeExists() const':
/usr/include/yaml-cpp/node/impl.h:54: undefined reference to `YAML::InvalidNode::~InvalidNode()'
/usr/bin/ld: /usr/include/yaml-cpp/node/impl.h:54: undefined reference to `typeinfo for YAML::InvalidNode'
/usr/bin/ld: CMakeFiles/perfect_drone.dir/src/ros1_perfect_drone_node.cpp.o: in function `YAML::detail::node_ref::set_null()':
/usr/include/yaml-cpp/node/detail/node_ref.h:36: undefined reference to `YAML::detail::node_data::set_null()'
/usr/bin/ld: CMakeFiles/perfect_drone.dir/src/ros1_perfect_drone_node.cpp.o: in function `YAML::Node::AssignNode(YAML::Node const&)':
/usr/include/yaml-cpp/node/impl.h:272: undefined reference to `YAML::detail::memory_holder::merge(YAML::detail::memory_holder&)'
/usr/bin/ld: CMakeFiles/perfect_drone.dir/src/ros1_perfect_drone_node.cpp.o: in function `YAML::detail::node_ref::mark_defined()':
/usr/include/yaml-cpp/node/detail/node_ref.h:30: undefined reference to `YAML::detail::node_data::mark_defined()'
/usr/bin/ld: CMakeFiles/perfect_drone.dir/src/ros1_perfect_drone_node.cpp.o: in function `YAML::Node::operator=(YAML::Node const&)':
/usr/include/yaml-cpp/node/impl.h:243: undefined reference to `YAML::InvalidNode::~InvalidNode()'
/usr/bin/ld: /usr/include/yaml-cpp/node/impl.h:243: undefined reference to `typeinfo for YAML::InvalidNode'
/usr/bin/ld: CMakeFiles/perfect_drone.dir/src/ros1_perfect_drone_node.cpp.o: in function `YAML::detail::node* YAML::detail::node_data::get<std::__cxx11::basic_string<char, std::char_traits<char>, std::allocator<char> > >(std::__cxx11::basic_string<char, std::char_traits<char>, std::allocator<char> > const&, std::shared_ptr<YAML::detail::memory_holder>) const':
/usr/include/yaml-cpp/node/detail/impl.h:87: undefined reference to `YAML::BadSubscript::~BadSubscript()'
/usr/bin/ld: /usr/include/yaml-cpp/node/detail/impl.h:87: undefined reference to `typeinfo for YAML::BadSubscript'
/usr/bin/ld: CMakeFiles/perfect_drone.dir/src/ros1_perfect_drone_node.cpp.o: in function `YAML::Node const YAML::Node::operator[]<std::__cxx11::basic_string<char, std::char_traits<char>, std::allocator<char> > >(std::__cxx11::basic_string<char, std::char_traits<char>, std::allocator<char> > const&) const':
/usr/include/yaml-cpp/node/impl.h:375: undefined reference to `YAML::InvalidNode::~InvalidNode()'
/usr/bin/ld: /usr/include/yaml-cpp/node/impl.h:375: undefined reference to `typeinfo for YAML::InvalidNode'
/usr/bin/ld: CMakeFiles/perfect_drone.dir/src/ros1_perfect_drone_node.cpp.o: in function `YAML::detail::node& YAML::detail::node_data::get<std::__cxx11::basic_string<char, std::char_traits<char>, std::allocator<char> > >(std::__cxx11::basic_string<char, std::char_traits<char>, std::allocator<char> > const&, std::shared_ptr<YAML::detail::memory_holder>)':
/usr/include/yaml-cpp/node/detail/impl.h:112: undefined reference to `YAML::detail::node_data::convert_to_map(std::shared_ptr<YAML::detail::memory_holder>)'
/usr/bin/ld: CMakeFiles/perfect_drone.dir/src/ros1_perfect_drone_node.cpp.o: in function `YAML::detail::memory_holder::create_node()':
/usr/include/yaml-cpp/node/detail/memory.h:37: undefined reference to `YAML::detail::memory::create_node()'
/usr/bin/ld: CMakeFiles/perfect_drone.dir/src/ros1_perfect_drone_node.cpp.o: in function `YAML::detail::node_ref::set_scalar(std::__cxx11::basic_string<char, std::char_traits<char>, std::allocator<char> > const&)':
/usr/include/yaml-cpp/node/detail/node_ref.h:37: undefined reference to `YAML::detail::node_data::set_scalar(std::__cxx11::basic_string<char, std::char_traits<char>, std::allocator<char> > const&)'
/usr/bin/ld: CMakeFiles/perfect_drone.dir/src/ros1_perfect_drone_node.cpp.o: in function `YAML::detail::node& YAML::detail::node_data::convert_to_node<std::__cxx11::basic_string<char, std::char_traits<char>, std::allocator<char> > >(std::__cxx11::basic_string<char, std::char_traits<char>, std::allocator<char> > const&, std::shared_ptr<YAML::detail::memory_holder>)':
/usr/include/yaml-cpp/node/detail/impl.h:179: undefined reference to `YAML::detail::memory_holder::merge(YAML::detail::memory_holder&)'
/usr/bin/ld: CMakeFiles/perfect_drone.dir/src/ros1_perfect_drone_node.cpp.o: in function `YAML::detail::memory_holder::create_node()':
/usr/include/yaml-cpp/node/detail/memory.h:37: undefined reference to `YAML::detail::memory::create_node()'
/usr/bin/ld: CMakeFiles/perfect_drone.dir/src/ros1_perfect_drone_node.cpp.o: in function `YAML::detail::node& YAML::detail::node_data::get<std::__cxx11::basic_string<char, std::char_traits<char>, std::allocator<char> > >(std::__cxx11::basic_string<char, std::char_traits<char>, std::allocator<char> > const&, std::shared_ptr<YAML::detail::memory_holder>)':
/usr/include/yaml-cpp/node/detail/impl.h:126: undefined reference to `YAML::detail::node_data::insert_map_pair(YAML::detail::node&, YAML::detail::node&)'
/usr/bin/ld: CMakeFiles/perfect_drone.dir/src/ros1_perfect_drone_node.cpp.o: in function `YAML::detail::node_ref::mark_defined()':
/usr/include/yaml-cpp/node/detail/node_ref.h:30: undefined reference to `YAML::detail::node_data::mark_defined()'
/usr/bin/ld: CMakeFiles/perfect_drone.dir/src/ros1_perfect_drone_node.cpp.o: in function `void YAML::Node::Assign<std::__cxx11::basic_string<char, std::char_traits<char>, std::allocator<char> > >(std::__cxx11::basic_string<char, std::char_traits<char>, std::allocator<char> > const&)':
/usr/include/yaml-cpp/node/impl.h:222: undefined reference to `YAML::InvalidNode::~InvalidNode()'
/usr/bin/ld: /usr/include/yaml-cpp/node/impl.h:222: undefined reference to `typeinfo for YAML::InvalidNode'
/usr/bin/ld: CMakeFiles/perfect_drone.dir/src/ros1_perfect_drone_node.cpp.o: in function `YAML::detail::node& YAML::detail::node_data::get<std::__cxx11::basic_string<char, std::char_traits<char>, std::allocator<char> > >(std::__cxx11::basic_string<char, std::char_traits<char>, std::allocator<char> > const&, std::shared_ptr<YAML::detail::memory_holder>)':
/usr/include/yaml-cpp/node/detail/impl.h:115: undefined reference to `YAML::BadSubscript::~BadSubscript()'
/usr/bin/ld: /usr/include/yaml-cpp/node/detail/impl.h:115: undefined reference to `typeinfo for YAML::BadSubscript'
/usr/bin/ld: CMakeFiles/perfect_drone.dir/src/ros1_perfect_drone_node.cpp.o: in function `YAML::detail::node_ref::mark_defined()':
/usr/include/yaml-cpp/node/detail/node_ref.h:30: undefined reference to `YAML::detail::node_data::mark_defined()'
/usr/bin/ld: CMakeFiles/perfect_drone.dir/src/ros1_perfect_drone_node.cpp.o: in function `YAML::Node YAML::Node::operator[]<std::__cxx11::basic_string<char, std::char_traits<char>, std::allocator<char> > >(std::__cxx11::basic_string<char, std::char_traits<char>, std::allocator<char> > const&)':
/usr/include/yaml-cpp/node/impl.h:388: undefined reference to `YAML::InvalidNode::~InvalidNode()'
/usr/bin/ld: /usr/include/yaml-cpp/node/impl.h:388: undefined reference to `typeinfo for YAML::InvalidNode'
/usr/bin/ld: CMakeFiles/perfect_drone.dir/src/ros1_perfect_drone_node.cpp.o: in function `yaml_loader::YamlLoader::getNodeFromPath(std::__cxx11::basic_string<char, std::char_traits<char>, std::allocator<char> > const&) const':
/home/thurdparty/Code/SUPER/src/marsim_render/include/marsim_render/yaml_loader.hpp:149: undefined reference to `YAML::LoadFile(std::__cxx11::basic_string<char, std::char_traits<char>, std::allocator<char> > const&)'
/usr/bin/ld: CMakeFiles/perfect_drone.dir/src/ros1_perfect_drone_node.cpp.o: in function `YAML::detail::node_ref::mark_defined()':
/usr/include/yaml-cpp/node/detail/node_ref.h:30: undefined reference to `YAML::detail::node_data::mark_defined()'
/usr/bin/ld: /usr/include/yaml-cpp/node/detail/node_ref.h:30: undefined reference to `YAML::detail::node_data::mark_defined()'
/usr/bin/ld: CMakeFiles/perfect_drone.dir/src/ros1_perfect_drone_node.cpp.o: in function `YAML::Node::AssignNode(YAML::Node const&)':
/usr/include/yaml-cpp/node/impl.h:272: undefined reference to `YAML::detail::memory_holder::merge(YAML::detail::memory_holder&)'
/usr/bin/ld: CMakeFiles/perfect_drone.dir/src/ros1_perfect_drone_node.cpp.o: in function `YAML::detail::memory_holder::create_node()':
/usr/include/yaml-cpp/node/detail/memory.h:37: undefined reference to `YAML::detail::memory::create_node()'
/usr/bin/ld: CMakeFiles/perfect_drone.dir/src/ros1_perfect_drone_node.cpp.o: in function `YAML::detail::node_ref::mark_defined()':
/usr/include/yaml-cpp/node/detail/node_ref.h:30: undefined reference to `YAML::detail::node_data::mark_defined()'
/usr/bin/ld: CMakeFiles/perfect_drone.dir/src/ros1_perfect_drone_node.cpp.o: in function `YAML::detail::node_ref::set_null()':
/usr/include/yaml-cpp/node/detail/node_ref.h:36: undefined reference to `YAML::detail::node_data::set_null()'
/usr/bin/ld: CMakeFiles/perfect_drone.dir/src/ros1_perfect_drone_node.cpp.o: in function `YAML::detail::memory_holder::create_node()':
/usr/include/yaml-cpp/node/detail/memory.h:37: undefined reference to `YAML::detail::memory::create_node()'
/usr/bin/ld: CMakeFiles/perfect_drone.dir/src/ros1_perfect_drone_node.cpp.o: in function `YAML::detail::node_ref::mark_defined()':
/usr/include/yaml-cpp/node/detail/node_ref.h:30: undefined reference to `YAML::detail::node_data::mark_defined()'
/usr/bin/ld: CMakeFiles/perfect_drone.dir/src/ros1_perfect_drone_node.cpp.o: in function `YAML::detail::node_ref::set_null()':
/usr/include/yaml-cpp/node/detail/node_ref.h:36: undefined reference to `YAML::detail::node_data::set_null()'
/usr/bin/ld: CMakeFiles/perfect_drone.dir/src/ros1_perfect_drone_node.cpp.o: in function `YAML::detail::node_ref::mark_defined()':
/usr/include/yaml-cpp/node/detail/node_ref.h:30: undefined reference to `YAML::detail::node_data::mark_defined()'
/usr/bin/ld: CMakeFiles/perfect_drone.dir/src/ros1_perfect_drone_node.cpp.o: in function `YAML::Node YAML::Node::operator[]<std::__cxx11::basic_string<char, std::char_traits<char>, std::allocator<char> > >(std::__cxx11::basic_string<char, std::char_traits<char>, std::allocator<char> > const&)':
/usr/include/yaml-cpp/node/impl.h:388: undefined reference to `YAML::InvalidNode::~InvalidNode()'
/usr/bin/ld: /usr/include/yaml-cpp/node/impl.h:388: undefined reference to `typeinfo for YAML::InvalidNode'
/usr/bin/ld: CMakeFiles/perfect_drone.dir/src/ros1_perfect_drone_node.cpp.o: in function `YAML::Node::operator=(YAML::Node const&)':
/usr/include/yaml-cpp/node/impl.h:243: undefined reference to `YAML::InvalidNode::~InvalidNode()'
/usr/bin/ld: /usr/include/yaml-cpp/node/impl.h:243: undefined reference to `typeinfo for YAML::InvalidNode'
/usr/bin/ld: CMakeFiles/perfect_drone.dir/src/ros1_perfect_drone_node.cpp.o: in function `YAML::Node YAML::Node::operator[]<std::__cxx11::basic_string<char, std::char_traits<char>, std::allocator<char> > >(std::__cxx11::basic_string<char, std::char_traits<char>, std::allocator<char> > const&)':
/usr/include/yaml-cpp/node/impl.h:388: undefined reference to `YAML::InvalidNode::~InvalidNode()'
/usr/bin/ld: /usr/include/yaml-cpp/node/impl.h:388: undefined reference to `typeinfo for YAML::InvalidNode'
/usr/bin/ld: CMakeFiles/perfect_drone.dir/src/ros1_perfect_drone_node.cpp.o: in function `bool yaml_loader::YamlLoader::loadParamInternal<std::__cxx11::basic_string<char, std::char_traits<char>, std::allocator<char> > >(std::__cxx11::basic_string<char, std::char_traits<char>, std::allocator<char> > const&, std::__cxx11::basic_string<char, std::char_traits<char>, std::allocator<char> >&, std::__cxx11::basic_string<char, std::char_traits<char>, std::allocator<char> > const&, bool)':
/home/thurdparty/Code/SUPER/src/marsim_render/include/marsim_render/yaml_loader.hpp:72: undefined reference to `YAML::LoadFile(std::__cxx11::basic_string<char, std::char_traits<char>, std::allocator<char> > const&)'
/usr/bin/ld: CMakeFiles/perfect_drone.dir/src/ros1_perfect_drone_node.cpp.o: in function `YAML::Node::Scalar[abi:cxx11]() const':
/usr/include/yaml-cpp/node/impl.h:159: undefined reference to `YAML::detail::node_data::empty_scalar[abi:cxx11]'
/usr/bin/ld: CMakeFiles/perfect_drone.dir/src/ros1_perfect_drone_node.cpp.o: in function `YAML::Node::Type() const':
/usr/include/yaml-cpp/node/impl.h:78: undefined reference to `YAML::InvalidNode::~InvalidNode()'
/usr/bin/ld: /usr/include/yaml-cpp/node/impl.h:78: undefined reference to `typeinfo for YAML::InvalidNode'
/usr/bin/ld: CMakeFiles/perfect_drone.dir/src/ros1_perfect_drone_node.cpp.o: in function `YAML::Node::Scalar[abi:cxx11]() const':
/usr/include/yaml-cpp/node/impl.h:158: undefined reference to `YAML::InvalidNode::~InvalidNode()'
/usr/bin/ld: /usr/include/yaml-cpp/node/impl.h:158: undefined reference to `typeinfo for YAML::InvalidNode'
/usr/bin/ld: CMakeFiles/perfect_drone.dir/src/ros1_perfect_drone_node.cpp.o: in function `bool yaml_loader::YamlLoader::loadParamInternal<double>(std::__cxx11::basic_string<char, std::char_traits<char>, std::allocator<char> > const&, double&, double const&, bool)':
/home/thurdparty/Code/SUPER/src/marsim_render/include/marsim_render/yaml_loader.hpp:72: undefined reference to `YAML::LoadFile(std::__cxx11::basic_string<char, std::char_traits<char>, std::allocator<char> > const&)'
/usr/bin/ld: CMakeFiles/perfect_drone.dir/src/ros1_perfect_drone_node.cpp.o: in function `YAML::Node::Scalar[abi:cxx11]() const':
/usr/include/yaml-cpp/node/impl.h:159: undefined reference to `YAML::detail::node_data::empty_scalar[abi:cxx11]'
/usr/bin/ld: /usr/include/yaml-cpp/node/impl.h:158: undefined reference to `YAML::InvalidNode::~InvalidNode()'
/usr/bin/ld: /usr/include/yaml-cpp/node/impl.h:158: undefined reference to `typeinfo for YAML::InvalidNode'
/usr/bin/ld: CMakeFiles/perfect_drone.dir/src/ros1_perfect_drone_node.cpp.o: in function `YAML::Node::Type() const':
/usr/include/yaml-cpp/node/impl.h:78: undefined reference to `YAML::InvalidNode::~InvalidNode()'
/usr/bin/ld: /usr/include/yaml-cpp/node/impl.h:78: undefined reference to `typeinfo for YAML::InvalidNode'
/usr/bin/ld: CMakeFiles/perfect_drone.dir/src/ros1_perfect_drone_node.cpp.o: in function `bool yaml_loader::YamlLoader::loadParamInternal<int>(std::__cxx11::basic_string<char, std::char_traits<char>, std::allocator<char> > const&, int&, int const&, bool)':
/home/thurdparty/Code/SUPER/src/marsim_render/include/marsim_render/yaml_loader.hpp:72: undefined reference to `YAML::LoadFile(std::__cxx11::basic_string<char, std::char_traits<char>, std::allocator<char> > const&)'
/usr/bin/ld: CMakeFiles/perfect_drone.dir/src/ros1_perfect_drone_node.cpp.o: in function `YAML::Node::Scalar[abi:cxx11]() const':
/usr/include/yaml-cpp/node/impl.h:159: undefined reference to `YAML::detail::node_data::empty_scalar[abi:cxx11]'
/usr/bin/ld: CMakeFiles/perfect_drone.dir/src/ros1_perfect_drone_node.cpp.o: in function `YAML::Node::Type() const':
/usr/include/yaml-cpp/node/impl.h:78: undefined reference to `YAML::InvalidNode::~InvalidNode()'
/usr/bin/ld: /usr/include/yaml-cpp/node/impl.h:78: undefined reference to `typeinfo for YAML::InvalidNode'
/usr/bin/ld: CMakeFiles/perfect_drone.dir/src/ros1_perfect_drone_node.cpp.o: in function `YAML::Node::Scalar[abi:cxx11]() const':
/usr/include/yaml-cpp/node/impl.h:158: undefined reference to `YAML::InvalidNode::~InvalidNode()'
/usr/bin/ld: /usr/include/yaml-cpp/node/impl.h:158: undefined reference to `typeinfo for YAML::InvalidNode'
/usr/bin/ld: CMakeFiles/perfect_drone.dir/src/ros1_perfect_drone_node.cpp.o: in function `bool yaml_loader::YamlLoader::loadParamInternal<float>(std::__cxx11::basic_string<char, std::char_traits<char>, std::allocator<char> > const&, float&, float const&, bool)':
/home/thurdparty/Code/SUPER/src/marsim_render/include/marsim_render/yaml_loader.hpp:72: undefined reference to `YAML::LoadFile(std::__cxx11::basic_string<char, std::char_traits<char>, std::allocator<char> > const&)'
/usr/bin/ld: CMakeFiles/perfect_drone.dir/src/ros1_perfect_drone_node.cpp.o: in function `YAML::Node::Scalar[abi:cxx11]() const':
/usr/include/yaml-cpp/node/impl.h:159: undefined reference to `YAML::detail::node_data::empty_scalar[abi:cxx11]'
/usr/bin/ld: /usr/include/yaml-cpp/node/impl.h:158: undefined reference to `YAML::InvalidNode::~InvalidNode()'
/usr/bin/ld: /usr/include/yaml-cpp/node/impl.h:158: undefined reference to `typeinfo for YAML::InvalidNode'
/usr/bin/ld: CMakeFiles/perfect_drone.dir/src/ros1_perfect_drone_node.cpp.o: in function `YAML::Node::Type() const':
/usr/include/yaml-cpp/node/impl.h:78: undefined reference to `YAML::InvalidNode::~InvalidNode()'
/usr/bin/ld: /usr/include/yaml-cpp/node/impl.h:78: undefined reference to `typeinfo for YAML::InvalidNode'
/usr/bin/ld: CMakeFiles/perfect_drone.dir/src/ros1_perfect_drone_node.cpp.o: in function `bool yaml_loader::YamlLoader::loadParamInternal<bool>(std::__cxx11::basic_string<char, std::char_traits<char>, std::allocator<char> > const&, bool&, bool const&, bool)':
/home/thurdparty/Code/SUPER/src/marsim_render/include/marsim_render/yaml_loader.hpp:72: undefined reference to `YAML::LoadFile(std::__cxx11::basic_string<char, std::char_traits<char>, std::allocator<char> > const&)'
/usr/bin/ld: CMakeFiles/perfect_drone.dir/src/ros1_perfect_drone_node.cpp.o: in function `YAML::as_if<bool, void>::operator()() const':
/usr/include/yaml-cpp/node/impl.h:123: undefined reference to `YAML::convert<bool>::decode(YAML::Node const&, bool&)'
/usr/bin/ld: CMakeFiles/perfect_drone.dir/src/ros1_perfect_drone_node.cpp.o: in function `YAML::Node::Type() const':
/usr/include/yaml-cpp/node/impl.h:78: undefined reference to `YAML::InvalidNode::~InvalidNode()'
/usr/bin/ld: /usr/include/yaml-cpp/node/impl.h:78: undefined reference to `typeinfo for YAML::InvalidNode'
/usr/bin/ld: CMakeFiles/perfect_drone.dir/src/ros1_perfect_drone_node.cpp.o:(.data.rel.ro._ZTIN4YAML18TypedBadConversionINSt7__cxx1112basic_stringIcSt11char_traitsIcESaIcEEEEE[_ZTIN4YAML18TypedBadConversionINSt7__cxx1112basic_stringIcSt11char_traitsIcESaIcEEEEE]+0x10): undefined reference to `typeinfo for YAML::BadConversion'
/usr/bin/ld: CMakeFiles/perfect_drone.dir/src/ros1_perfect_drone_node.cpp.o:(.data.rel.ro._ZTIN4YAML18TypedBadConversionIfEE[_ZTIN4YAML18TypedBadConversionIfEE]+0x10): undefined reference to `typeinfo for YAML::BadConversion'
/usr/bin/ld: CMakeFiles/perfect_drone.dir/src/ros1_perfect_drone_node.cpp.o:(.data.rel.ro._ZTIN4YAML18TypedBadConversionIiEE[_ZTIN4YAML18TypedBadConversionIiEE]+0x10): undefined reference to `typeinfo for YAML::BadConversion'
/usr/bin/ld: CMakeFiles/perfect_drone.dir/src/ros1_perfect_drone_node.cpp.o:(.data.rel.ro._ZTIN4YAML18TypedBadConversionIbEE[_ZTIN4YAML18TypedBadConversionIbEE]+0x10): undefined reference to `typeinfo for YAML::BadConversion'
/usr/bin/ld: CMakeFiles/perfect_drone.dir/src/ros1_perfect_drone_node.cpp.o:(.data.rel.ro._ZTIN4YAML18TypedBadConversionIdEE[_ZTIN4YAML18TypedBadConversionIdEE]+0x10): undefined reference to `typeinfo for YAML::BadConversion'
/usr/bin/ld: CMakeFiles/perfect_drone.dir/src/ros1_perfect_drone_node.cpp.o:(.data.rel.local.DW.ref._ZTIN4YAML13BadConversionE[DW.ref._ZTIN4YAML13BadConversionE]+0x0): more undefined references to `typeinfo for YAML::BadConversion' follow
collect2: error: ld returned 1 exit status
make[2]: *** [CMakeFiles/perfect_drone.dir/build.make:490: /home/thurdparty/Code/SUPER/devel/.private/perfect_drone_sim/lib/perfect_drone_sim/perfect_drone] Error 1
make[1]: *** [CMakeFiles/Makefile2:233: CMakeFiles/perfect_drone.dir/all] Error 2
make: *** [Makefile:141: all] Error 2
