Not searching for unused variables given on the command line.
[36m--[0m The C compiler identification is GNU 9.4.0
[36m--[0m The CXX compiler identification is GNU 9.4.0
[36m--[0m Check for working C compiler: /usr/lib/ccache/cc
[36m--[0m Check for working C compiler: /usr/lib/ccache/cc -- works
[36m--[0m Detecting C compiler ABI info
[36m--[0m Detecting C compiler ABI info - done
[36m--[0m Detecting C compile features
[36m--[0m Detecting C compile features - done
[36m--[0m Check for working CXX compiler: /usr/lib/ccache/c++
[36m--[0m Check for working CXX compiler: /usr/lib/ccache/c++ -- works
[36m--[0m Detecting CXX compiler ABI info
[36m--[0m Detecting CXX compiler ABI info - done
[36m--[0m Detecting CXX compile features
[36m--[0m Detecting CXX compile features - done
[36m--[0m Using CATKIN_DEVEL_PREFIX: /home/thurdparty/Code/SUPER/devel/.private/quadrotor_msgs
[36m--[0m Using CMAKE_PREFIX_PATH: /home/thurdparty/Code/SUPER/devel;/opt/ros/noetic
[36m--[0m This workspace overlays: /home/thurdparty/Code/SUPER/devel;/opt/ros/noetic
[36m--[0m Found PythonInterp: /usr/bin/python3 (found suitable version "3.8.10", minimum required is "3")
[36m--[0m Using PYTHON_EXECUTABLE: /usr/bin/python3
[36m--[0m Using Debian Python package layout
[36m--[0m Found PY_em: /home/thurdparty/.local/lib/python3.8/site-packages/em.py
[36m--[0m Using empy: /home/thurdparty/.local/lib/python3.8/site-packages/em.py
[36m--[0m Using CATKIN_ENABLE_TESTING: ON
[36m--[0m Call enable_testing()
[36m--[0m Using CATKIN_TEST_RESULTS_DIR: /home/thurdparty/Code/SUPER/build/quadrotor_msgs/test_results
[36m--[0m Forcing gtest/gmock from source, though one was otherwise available.
[36m--[0m Found gtest sources under '/usr/src/googletest': gtests will be built
[36m--[0m Found gmock sources under '/usr/src/googletest': gmock will be built
[36m--[0m Found PythonInterp: /usr/bin/python3 (found version "3.8.10")
[36m--[0m Found Threads: TRUE
[36m--[0m Using Python nosetests: /usr/bin/nosetests3
[36m--[0m catkin 0.8.12
[36m--[0m BUILD_SHARED_LIBS is on
[36m--[0m Using these message generators: gencpp;geneus;genlisp;gennodejs;genpy
[31m[1mCMake Error[0m at /home/thurdparty/Code/SUPER/build/quadrotor_msgs/cmake/super_msgs-genmsg.cmake:3 (message):
  Could not find messages which
  '/home/thurdparty/Code/SUPER/src/super_msgs/msg/MpcPositionCommand.msg'
  depends on.  Did you forget to specify generate_messages(DEPENDENCIES ...)?

  Cannot locate message [PositionCommand]: unknown package [quadrotor_msgs]
  on search path [{{'super_msgs':
  ['/home/thurdparty/Code/SUPER/src/super_msgs/msg'], 'geometry_msgs':
  ['/opt/ros/noetic/share/geometry_msgs/cmake/../msg'], 'nav_msgs':
  ['/opt/ros/noetic/share/nav_msgs/cmake/../msg'], 'std_msgs':
  ['/opt/ros/noetic/share/std_msgs/cmake/../msg'], 'actionlib_msgs':
  ['/opt/ros/noetic/share/actionlib_msgs/cmake/../msg']}}]
[36mCall Stack (most recent call first):[0m
  /opt/ros/noetic/share/genmsg/cmake/genmsg-extras.cmake:307 (include)
  CMakeLists.txt:71 (generate_messages)


[36m--[0m Configuring incomplete, errors occurred!
See also "/home/thurdparty/Code/SUPER/build/quadrotor_msgs/CMakeFiles/CMakeOutput.log".
See also "/home/thurdparty/Code/SUPER/build/quadrotor_msgs/CMakeFiles/CMakeError.log".
