Linked: (/home/thurdparty/Code/SUPER/devel/.private/quadrotor_msgs/lib/python3/dist-packages/quadrotor_msgs/__init__.py, /home/thurdparty/Code/SUPER/devel/lib/python3/dist-packages/quadrotor_msgs/__init__.py)
Linked: (/home/thurdparty/Code/SUPER/devel/.private/quadrotor_msgs/lib/python3/dist-packages/quadrotor_msgs/msg/_PositionCommand.py, /home/thurdparty/Code/SUPER/devel/lib/python3/dist-packages/quadrotor_msgs/msg/_PositionCommand.py)
Linked: (/home/thurdparty/Code/SUPER/devel/.private/quadrotor_msgs/lib/python3/dist-packages/quadrotor_msgs/msg/_QuadrotorState.py, /home/thurdparty/Code/SUPER/devel/lib/python3/dist-packages/quadrotor_msgs/msg/_QuadrotorState.py)
Linked: (/home/thurdparty/Code/SUPER/devel/.private/quadrotor_msgs/lib/python3/dist-packages/quadrotor_msgs/msg/_MpcPositionCommand.py, /home/thurdparty/Code/SUPER/devel/lib/python3/dist-packages/quadrotor_msgs/msg/_MpcPositionCommand.py)
Linked: (/home/thurdparty/Code/SUPER/devel/.private/quadrotor_msgs/lib/python3/dist-packages/quadrotor_msgs/msg/__init__.py, /home/thurdparty/Code/SUPER/devel/lib/python3/dist-packages/quadrotor_msgs/msg/__init__.py)
Linked: (/home/thurdparty/Code/SUPER/devel/.private/quadrotor_msgs/lib/python3/dist-packages/quadrotor_msgs/msg/_TrakingPerformance.py, /home/thurdparty/Code/SUPER/devel/lib/python3/dist-packages/quadrotor_msgs/msg/_TrakingPerformance.py)
Linked: (/home/thurdparty/Code/SUPER/devel/.private/quadrotor_msgs/lib/python3/dist-packages/quadrotor_msgs/msg/_PolynomialTrajectory.py, /home/thurdparty/Code/SUPER/devel/lib/python3/dist-packages/quadrotor_msgs/msg/_PolynomialTrajectory.py)
Linked: (/home/thurdparty/Code/SUPER/devel/.private/quadrotor_msgs/lib/pkgconfig/quadrotor_msgs.pc, /home/thurdparty/Code/SUPER/devel/lib/pkgconfig/quadrotor_msgs.pc)
Linked: (/home/thurdparty/Code/SUPER/devel/.private/quadrotor_msgs/include/quadrotor_msgs/PolynomialTrajectory.h, /home/thurdparty/Code/SUPER/devel/include/quadrotor_msgs/PolynomialTrajectory.h)
Linked: (/home/thurdparty/Code/SUPER/devel/.private/quadrotor_msgs/include/quadrotor_msgs/QuadrotorState.h, /home/thurdparty/Code/SUPER/devel/include/quadrotor_msgs/QuadrotorState.h)
Linked: (/home/thurdparty/Code/SUPER/devel/.private/quadrotor_msgs/include/quadrotor_msgs/PositionCommand.h, /home/thurdparty/Code/SUPER/devel/include/quadrotor_msgs/PositionCommand.h)
Linked: (/home/thurdparty/Code/SUPER/devel/.private/quadrotor_msgs/include/quadrotor_msgs/MpcPositionCommand.h, /home/thurdparty/Code/SUPER/devel/include/quadrotor_msgs/MpcPositionCommand.h)
Linked: (/home/thurdparty/Code/SUPER/devel/.private/quadrotor_msgs/include/quadrotor_msgs/TrakingPerformance.h, /home/thurdparty/Code/SUPER/devel/include/quadrotor_msgs/TrakingPerformance.h)
Linked: (/home/thurdparty/Code/SUPER/devel/.private/quadrotor_msgs/share/quadrotor_msgs/cmake/quadrotor_msgsConfig.cmake, /home/thurdparty/Code/SUPER/devel/share/quadrotor_msgs/cmake/quadrotor_msgsConfig.cmake)
Linked: (/home/thurdparty/Code/SUPER/devel/.private/quadrotor_msgs/share/quadrotor_msgs/cmake/quadrotor_msgsConfig-version.cmake, /home/thurdparty/Code/SUPER/devel/share/quadrotor_msgs/cmake/quadrotor_msgsConfig-version.cmake)
Linked: (/home/thurdparty/Code/SUPER/devel/.private/quadrotor_msgs/share/quadrotor_msgs/cmake/quadrotor_msgs-msg-extras.cmake, /home/thurdparty/Code/SUPER/devel/share/quadrotor_msgs/cmake/quadrotor_msgs-msg-extras.cmake)
Linked: (/home/thurdparty/Code/SUPER/devel/.private/quadrotor_msgs/share/quadrotor_msgs/cmake/quadrotor_msgs-msg-paths.cmake, /home/thurdparty/Code/SUPER/devel/share/quadrotor_msgs/cmake/quadrotor_msgs-msg-paths.cmake)
Linked: (/home/thurdparty/Code/SUPER/devel/.private/quadrotor_msgs/share/common-lisp/ros/quadrotor_msgs/msg/MpcPositionCommand.lisp, /home/thurdparty/Code/SUPER/devel/share/common-lisp/ros/quadrotor_msgs/msg/MpcPositionCommand.lisp)
Linked: (/home/thurdparty/Code/SUPER/devel/.private/quadrotor_msgs/share/common-lisp/ros/quadrotor_msgs/msg/_package_PolynomialTrajectory.lisp, /home/thurdparty/Code/SUPER/devel/share/common-lisp/ros/quadrotor_msgs/msg/_package_PolynomialTrajectory.lisp)
Linked: (/home/thurdparty/Code/SUPER/devel/.private/quadrotor_msgs/share/common-lisp/ros/quadrotor_msgs/msg/_package.lisp, /home/thurdparty/Code/SUPER/devel/share/common-lisp/ros/quadrotor_msgs/msg/_package.lisp)
Linked: (/home/thurdparty/Code/SUPER/devel/.private/quadrotor_msgs/share/common-lisp/ros/quadrotor_msgs/msg/_package_TrakingPerformance.lisp, /home/thurdparty/Code/SUPER/devel/share/common-lisp/ros/quadrotor_msgs/msg/_package_TrakingPerformance.lisp)
Linked: (/home/thurdparty/Code/SUPER/devel/.private/quadrotor_msgs/share/common-lisp/ros/quadrotor_msgs/msg/PolynomialTrajectory.lisp, /home/thurdparty/Code/SUPER/devel/share/common-lisp/ros/quadrotor_msgs/msg/PolynomialTrajectory.lisp)
Linked: (/home/thurdparty/Code/SUPER/devel/.private/quadrotor_msgs/share/common-lisp/ros/quadrotor_msgs/msg/QuadrotorState.lisp, /home/thurdparty/Code/SUPER/devel/share/common-lisp/ros/quadrotor_msgs/msg/QuadrotorState.lisp)
Linked: (/home/thurdparty/Code/SUPER/devel/.private/quadrotor_msgs/share/common-lisp/ros/quadrotor_msgs/msg/TrakingPerformance.lisp, /home/thurdparty/Code/SUPER/devel/share/common-lisp/ros/quadrotor_msgs/msg/TrakingPerformance.lisp)
Linked: (/home/thurdparty/Code/SUPER/devel/.private/quadrotor_msgs/share/common-lisp/ros/quadrotor_msgs/msg/quadrotor_msgs-msg.asd, /home/thurdparty/Code/SUPER/devel/share/common-lisp/ros/quadrotor_msgs/msg/quadrotor_msgs-msg.asd)
Linked: (/home/thurdparty/Code/SUPER/devel/.private/quadrotor_msgs/share/common-lisp/ros/quadrotor_msgs/msg/_package_QuadrotorState.lisp, /home/thurdparty/Code/SUPER/devel/share/common-lisp/ros/quadrotor_msgs/msg/_package_QuadrotorState.lisp)
Linked: (/home/thurdparty/Code/SUPER/devel/.private/quadrotor_msgs/share/common-lisp/ros/quadrotor_msgs/msg/_package_MpcPositionCommand.lisp, /home/thurdparty/Code/SUPER/devel/share/common-lisp/ros/quadrotor_msgs/msg/_package_MpcPositionCommand.lisp)
Linked: (/home/thurdparty/Code/SUPER/devel/.private/quadrotor_msgs/share/common-lisp/ros/quadrotor_msgs/msg/PositionCommand.lisp, /home/thurdparty/Code/SUPER/devel/share/common-lisp/ros/quadrotor_msgs/msg/PositionCommand.lisp)
Linked: (/home/thurdparty/Code/SUPER/devel/.private/quadrotor_msgs/share/common-lisp/ros/quadrotor_msgs/msg/_package_PositionCommand.lisp, /home/thurdparty/Code/SUPER/devel/share/common-lisp/ros/quadrotor_msgs/msg/_package_PositionCommand.lisp)
Linked: (/home/thurdparty/Code/SUPER/devel/.private/quadrotor_msgs/share/roseus/ros/quadrotor_msgs/manifest.l, /home/thurdparty/Code/SUPER/devel/share/roseus/ros/quadrotor_msgs/manifest.l)
Linked: (/home/thurdparty/Code/SUPER/devel/.private/quadrotor_msgs/share/roseus/ros/quadrotor_msgs/msg/PositionCommand.l, /home/thurdparty/Code/SUPER/devel/share/roseus/ros/quadrotor_msgs/msg/PositionCommand.l)
Linked: (/home/thurdparty/Code/SUPER/devel/.private/quadrotor_msgs/share/roseus/ros/quadrotor_msgs/msg/MpcPositionCommand.l, /home/thurdparty/Code/SUPER/devel/share/roseus/ros/quadrotor_msgs/msg/MpcPositionCommand.l)
Linked: (/home/thurdparty/Code/SUPER/devel/.private/quadrotor_msgs/share/roseus/ros/quadrotor_msgs/msg/QuadrotorState.l, /home/thurdparty/Code/SUPER/devel/share/roseus/ros/quadrotor_msgs/msg/QuadrotorState.l)
Linked: (/home/thurdparty/Code/SUPER/devel/.private/quadrotor_msgs/share/roseus/ros/quadrotor_msgs/msg/TrakingPerformance.l, /home/thurdparty/Code/SUPER/devel/share/roseus/ros/quadrotor_msgs/msg/TrakingPerformance.l)
Linked: (/home/thurdparty/Code/SUPER/devel/.private/quadrotor_msgs/share/roseus/ros/quadrotor_msgs/msg/PolynomialTrajectory.l, /home/thurdparty/Code/SUPER/devel/share/roseus/ros/quadrotor_msgs/msg/PolynomialTrajectory.l)
Linked: (/home/thurdparty/Code/SUPER/devel/.private/quadrotor_msgs/share/gennodejs/ros/quadrotor_msgs/_index.js, /home/thurdparty/Code/SUPER/devel/share/gennodejs/ros/quadrotor_msgs/_index.js)
Linked: (/home/thurdparty/Code/SUPER/devel/.private/quadrotor_msgs/share/gennodejs/ros/quadrotor_msgs/msg/MpcPositionCommand.js, /home/thurdparty/Code/SUPER/devel/share/gennodejs/ros/quadrotor_msgs/msg/MpcPositionCommand.js)
Linked: (/home/thurdparty/Code/SUPER/devel/.private/quadrotor_msgs/share/gennodejs/ros/quadrotor_msgs/msg/TrakingPerformance.js, /home/thurdparty/Code/SUPER/devel/share/gennodejs/ros/quadrotor_msgs/msg/TrakingPerformance.js)
Linked: (/home/thurdparty/Code/SUPER/devel/.private/quadrotor_msgs/share/gennodejs/ros/quadrotor_msgs/msg/QuadrotorState.js, /home/thurdparty/Code/SUPER/devel/share/gennodejs/ros/quadrotor_msgs/msg/QuadrotorState.js)
Linked: (/home/thurdparty/Code/SUPER/devel/.private/quadrotor_msgs/share/gennodejs/ros/quadrotor_msgs/msg/_index.js, /home/thurdparty/Code/SUPER/devel/share/gennodejs/ros/quadrotor_msgs/msg/_index.js)
Linked: (/home/thurdparty/Code/SUPER/devel/.private/quadrotor_msgs/share/gennodejs/ros/quadrotor_msgs/msg/PolynomialTrajectory.js, /home/thurdparty/Code/SUPER/devel/share/gennodejs/ros/quadrotor_msgs/msg/PolynomialTrajectory.js)
Linked: (/home/thurdparty/Code/SUPER/devel/.private/quadrotor_msgs/share/gennodejs/ros/quadrotor_msgs/msg/PositionCommand.js, /home/thurdparty/Code/SUPER/devel/share/gennodejs/ros/quadrotor_msgs/msg/PositionCommand.js)
