[35m[1mScanning dependencies of target rog_map[0m
[ 33%] [32mBuilding CXX object CMakeFiles/rog_map.dir/src/rog_map/prob_map.cpp.o[0m
[ 33%] [32mBuilding CXX object CMakeFiles/rog_map.dir/include/rog_map/rog_map_core/raycaster.cpp.o[0m
[ 33%] [32mBuilding CXX object CMakeFiles/rog_map.dir/src/rog_map/counter_map.cpp.o[0m
[ 44%] [32mBuilding CXX object CMakeFiles/rog_map.dir/src/rog_map/inf_map.cpp.o[0m
[ 55%] [32mBuilding CXX object CMakeFiles/rog_map.dir/src/rog_map/esdf_map.cpp.o[0m
[ 66%] [32mBuilding CXX object CMakeFiles/rog_map.dir/src/rog_map/rog_map.cpp.o[0m
[ 77%] [32mBuilding CXX object CMakeFiles/rog_map.dir/src/rog_map/sliding_map.cpp.o[0m
In file included from /home/thurdparty/Code/SUPER/src/rog_map/include/rog_map/rog_map_core/raycaster.h:30,
                 from /home/thurdparty/Code/SUPER/src/rog_map/include/rog_map/rog_map_core/raycaster.cpp:24:
/home/thurdparty/Code/SUPER/src/rog_map/include/rog_map/rog_map_core/common_lib.hpp:120:17: warning: ‘bool rog_map::lineIntersectBox(super_utils::Vec3f, super_utils::Vec3f, super_utils::Vec3f, super_utils::Vec3f, super_utils::Vec3f&)’ defined but not used [-Wunused-function]
  120 |     static bool lineIntersectBox(super_utils::Vec3f L1, super_utils::Vec3f L2, super_utils::Vec3f B1,
      |                 ^~~~~~~~~~~~~~~~
/home/thurdparty/Code/SUPER/src/rog_map/include/rog_map/rog_map_core/common_lib.hpp:76:31: warning: ‘super_utils::Vec3f rog_map::lineBoxIntersectPoint(const Vec3f&, const Vec3f&, const Vec3f&, const Vec3f&)’ defined but not used [-Wunused-function]
   76 |     static super_utils::Vec3f lineBoxIntersectPoint(const super_utils::Vec3f& pt, const super_utils::Vec3f& pos,
      |                               ^~~~~~~~~~~~~~~~~~~~~
/home/thurdparty/Code/SUPER/src/rog_map/include/rog_map/rog_map_core/common_lib.hpp:65:19: warning: ‘double rog_map::computePathLength(super_utils::vec_E<Eigen::Matrix<double, 3, 1> >&)’ defined but not used [-Wunused-function]
   65 |     static double computePathLength(const super_utils::vec_E<super_utils::Vec3f>& path) {
      |                   ^~~~~~~~~~~~~~~~~
cc1plus: warning: unrecognized command line option ‘-Wno-dev’
[ 88%] [32mBuilding CXX object CMakeFiles/rog_map.dir/src/rog_map_ros/rog_map_ros1.cpp.o[0m
/home/thurdparty/Code/SUPER/src/rog_map/src/rog_map/rog_map.cpp: In member function ‘void rog_map::ROGMap::init()’:
/home/thurdparty/Code/SUPER/src/rog_map/src/rog_map/rog_map.cpp:53:23: warning: comparison of integer expressions of different signedness: ‘int’ and ‘std::vector<std::__cxx11::basic_string<char> >::size_type’ {aka ‘long unsigned int’} [-Wsign-compare]
   53 |     for (int i = 0; i < time_consuming_name_.size(); i++) {
      |                     ~~^~~~~~~~~~~~~~~~~~~~~~~~~~~~~
/home/thurdparty/Code/SUPER/src/rog_map/src/rog_map/rog_map.cpp:55:15: warning: comparison of integer expressions of different signedness: ‘int’ and ‘std::vector<std::__cxx11::basic_string<char> >::size_type’ {aka ‘long unsigned int’} [-Wsign-compare]
   55 |         if (i != time_consuming_name_.size() - 1) {
      |             ~~^~~~~~~~~~~~~~~~~~~~~~~~~~~~~~~~~~
At global scope:
cc1plus: warning: unrecognized command line option ‘-Wno-dev’
[100%] [32m[1mLinking CXX static library /home/thurdparty/Code/SUPER/devel/.private/rog_map/lib/librog_map.a[0m
[100%] Built target rog_map
