[01m[K/workspace/src/super_planner/src/utils/minco.cpp:[m[K In member function ‘[01m[Kvoid traj_opt::MINCO_S2NU::getEnergyPartialGradByTimes(Eigen::VectorXd&) const[m[K’:
[01m[K/workspace/src/super_planner/src/utils/minco.cpp:113:37:[m[K [01;35m[Kwarning: [m[Kcomparison of integer expressions of different signedness: ‘[01m[Klong unsigned int[m[K’ and ‘[01m[Kconst int[m[K’ [[01;35m[K-Wsign-compare[m[K]
  113 |     for (long unsigned int i = 0; [01;35m[Ki < N[m[K; i++) {
      |                                   [01;35m[K~~^~~[m[K
[01m[K/workspace/src/super_planner/src/utils/minco.cpp:[m[K In member function ‘[01m[Kvoid traj_opt::MINCO_S2NU::propogateGrad(const MatrixX3d&, const VectorXd&, Eigen::Matrix3Xd&, Eigen::VectorXd&)[m[K’:
[01m[K/workspace/src/super_planner/src/utils/minco.cpp:128:37:[m[K [01;35m[Kwarning: [m[Kcomparison of integer expressions of different signedness: ‘[01m[Klong unsigned int[m[K’ and ‘[01m[Kint[m[K’ [[01;35m[K-Wsign-compare[m[K]
  128 |     for (long unsigned int i = 0; [01;35m[Ki < N - 1[m[K; i++) {
      |                                   [01;35m[K~~^~~~~~~[m[K
[01m[K/workspace/src/super_planner/src/utils/minco.cpp:134:37:[m[K [01;35m[Kwarning: [m[Kcomparison of integer expressions of different signedness: ‘[01m[Klong unsigned int[m[K’ and ‘[01m[Kint[m[K’ [[01;35m[K-Wsign-compare[m[K]
  134 |     for (long unsigned int i = 0; [01;35m[Ki < N - 1[m[K; i++) {
      |                                   [01;35m[K~~^~~~~~~[m[K
[01m[K/workspace/src/super_planner/src/traj_opt/yaw_traj_opt.cpp:[m[K In member function ‘[01m[Kbool traj_opt::YawTrajOpt::optimize(const Vec4f&, const Vec4f&, const geometry_utils::Trajectory&, geometry_utils::Trajectory&, const int&, const bool&, const bool&)[m[K’:
[01m[K/workspace/src/super_planner/src/traj_opt/yaw_traj_opt.cpp:116:39:[m[K [01;35m[Kwarning: [m[Kcomparisons like ‘[01m[KX<=Y<=Z[m[K’ do not have their mathematical meaning [[01;35m[K-Wparentheses[m[K]
  116 |             double t_g = [01;35m[Kpos_traj_dur > 0.5[m[K > 0 ? 0.5 : pos_traj_dur;
      |                          [01;35m[K~~~~~~~~~~~~~^~~~~[m[K
[01m[K/workspace/src/super_planner/src/traj_opt/backup_traj_optimizer_s4.cpp:[m[K In member function ‘[01m[Kdouble traj_opt::BackupTrajOpt::optimize(geometry_utils::Trajectory&, const double&)[m[K’:
[01m[K/workspace/src/super_planner/src/traj_opt/backup_traj_optimizer_s4.cpp:459:27:[m[K [01;35m[Kwarning: [m[Kcomparison of integer expressions of different signedness: ‘[01m[Kint[m[K’ and ‘[01m[Kstd::vector<Eigen::Matrix<double, 3, 1>, Eigen::aligned_allocator<Eigen::Matrix<double, 3, 1> > >::size_type[m[K’ {aka ‘[01m[Klong unsigned int[m[K’} [[01;35m[K-Wsign-compare[m[K]
  459 |         for (int i = 0; [01;35m[Ki < opt_vars.given_init_ps.size()[m[K; i++) {
      |                         [01;35m[K~~^~~~~~~~~~~~~~~~~~~~~~~~~~~~~~~[m[K
[01m[K/workspace/src/super_planner/src/traj_opt/exp_traj_optimizer_s4.cpp:[m[K In member function ‘[01m[Kbool traj_opt::ExpTrajOpt::processCorridorWithGuideTraj()[m[K’:
[01m[K/workspace/src/super_planner/src/traj_opt/exp_traj_optimizer_s4.cpp:475:23:[m[K [01;35m[Kwarning: [m[Kcomparison of integer expressions of different signedness: ‘[01m[Kint[m[K’ and ‘[01m[Kstd::vector<Eigen::Matrix<double, 3, 1>, Eigen::aligned_allocator<Eigen::Matrix<double, 3, 1> > >::size_type[m[K’ {aka ‘[01m[Klong unsigned int[m[K’} [[01;35m[K-Wsign-compare[m[K]
  475 |     for (int i = 0; [01;35m[Ki < opt_vars.guide_path.size()[m[K; i++) {
      |                     [01;35m[K~~^~~~~~~~~~~~~~~~~~~~~~~~~~~~[m[K
[01m[K/workspace/src/super_planner/src/traj_opt/exp_traj_optimizer_s4.cpp:[m[K In member function ‘[01m[Kbool traj_opt::ExpTrajOpt::setInitPsAndTs(const vec_Vec3f&, const std::vector<double>&)[m[K’:
[01m[K/workspace/src/super_planner/src/traj_opt/exp_traj_optimizer_s4.cpp:599:31:[m[K [01;35m[Kwarning: [m[Kcomparison of integer expressions of different signedness: ‘[01m[KEigen::EigenBase<Eigen::Matrix<double, -1, 1> >::Index[m[K’ {aka ‘[01m[Klong int[m[K’} and ‘[01m[Kstd::vector<double>::size_type[m[K’ {aka ‘[01m[Klong unsigned int[m[K’} [[01;35m[K-Wsign-compare[m[K]
  599 |     if ([01;35m[Kopt_vars.times.size() != init_ts.size()[m[K) {
      |         [01;35m[K~~~~~~~~~~~~~~~~~~~~~~^~~~~~~~~~~~~~~~~[m[K
[01m[K/workspace/src/super_planner/src/traj_opt/exp_traj_optimizer_s4.cpp:602:32:[m[K [01;35m[Kwarning: [m[Kcomparison of integer expressions of different signedness: ‘[01m[KEigen::Index[m[K’ {aka ‘[01m[Klong int[m[K’} and ‘[01m[Kstd::vector<Eigen::Matrix<double, 3, 1>, Eigen::aligned_allocator<Eigen::Matrix<double, 3, 1> > >::size_type[m[K’ {aka ‘[01m[Klong unsigned int[m[K’} [[01;35m[K-Wsign-compare[m[K]
  602 |     if ([01;35m[Kopt_vars.points.cols() != init_ps.size()[m[K) {
      |         [01;35m[K~~~~~~~~~~~~~~~~~~~~~~~^~~~~~~~~~~~~~~~~[m[K
[01m[K/workspace/src/super_planner/src/traj_opt/exp_traj_optimizer_s4.cpp:[m[K In member function ‘[01m[Kdouble traj_opt::ExpTrajOpt::optimize(geometry_utils::Trajectory&, const double&)[m[K’:
[01m[K/workspace/src/super_planner/src/traj_opt/exp_traj_optimizer_s4.cpp:638:27:[m[K [01;35m[Kwarning: [m[Kcomparison of integer expressions of different signedness: ‘[01m[Kint[m[K’ and ‘[01m[Kstd::vector<Eigen::Matrix<double, 3, 1>, Eigen::aligned_allocator<Eigen::Matrix<double, 3, 1> > >::size_type[m[K’ {aka ‘[01m[Klong unsigned int[m[K’} [[01;35m[K-Wsign-compare[m[K]
  638 |         for (int i = 0; [01;35m[Ki < opt_vars.init_ps.size()[m[K; i++) {
      |                         [01;35m[K~~^~~~~~~~~~~~~~~~~~~~~~~~~[m[K
[01m[K/workspace/src/super_planner/src/traj_opt/exp_traj_optimizer_s4.cpp:[m[K In member function ‘[01m[Kbool traj_opt::ExpTrajOpt::optimize(const StatePVAJ&, const StatePVAJ&, super_utils::vec_E<Eigen::Matrix<double, 3, 1> >&, const std::vector<double>&, geometry_utils::PolytopeVec&, geometry_utils::Trajectory&)[m[K’:
[01m[K/workspace/src/super_planner/src/traj_opt/exp_traj_optimizer_s4.cpp:900:24:[m[K [01;35m[Kwarning: [m[Kcomparison of integer expressions of different signedness: ‘[01m[Klong int[m[K’ and ‘[01m[Kstd::vector<geometry_utils::Polytope>::size_type[m[K’ {aka ‘[01m[Klong unsigned int[m[K’} [[01;35m[K-Wsign-compare[m[K]
  900 |     for (long i = 0; [01;35m[Ki < sfcs.size()[m[K; i++) {
      |                      [01;35m[K~~^~~~~~~~~~~~~[m[K
[01m[K/workspace/src/super_planner/src/traj_opt/exp_traj_optimizer_s4.cpp:937:28:[m[K [01;35m[Kwarning: [m[Kcomparison of integer expressions of different signedness: ‘[01m[Klong int[m[K’ and ‘[01m[Kstd::vector<geometry_utils::Polytope>::size_type[m[K’ {aka ‘[01m[Klong unsigned int[m[K’} [[01;35m[K-Wsign-compare[m[K]
  937 |         for (long i = 0; [01;35m[Ki < sfcs.size()[m[K; i++) {
      |                          [01;35m[K~~^~~~~~~~~~~~~[m[K
[01m[K/workspace/src/super_planner/src/traj_opt/exp_traj_optimizer_s4.cpp:[m[K In member function ‘[01m[Kbool traj_opt::ExpTrajOpt::optimize(const StatePVAJ&, const StatePVAJ&, geometry_utils::PolytopeVec&, const vec_Vec3f&, const VecDf&, geometry_utils::Trajectory&)[m[K’:
[01m[K/workspace/src/super_planner/src/traj_opt/exp_traj_optimizer_s4.cpp:993:24:[m[K [01;35m[Kwarning: [m[Kcomparison of integer expressions of different signedness: ‘[01m[Klong int[m[K’ and ‘[01m[Kstd::vector<geometry_utils::Polytope>::size_type[m[K’ {aka ‘[01m[Klong unsigned int[m[K’} [[01;35m[K-Wsign-compare[m[K]
  993 |     for (long i = 0; [01;35m[Ki < sfcs.size()[m[K; i++) {
      |                      [01;35m[K~~^~~~~~~~~~~~~[m[K
[01m[K/workspace/src/super_planner/src/traj_opt/exp_traj_optimizer_s4.cpp:1029:28:[m[K [01;35m[Kwarning: [m[Kcomparison of integer expressions of different signedness: ‘[01m[Klong int[m[K’ and ‘[01m[Kstd::vector<geometry_utils::Polytope>::size_type[m[K’ {aka ‘[01m[Klong unsigned int[m[K’} [[01;35m[K-Wsign-compare[m[K]
 1029 |         for (long i = 0; [01;35m[Ki < sfcs.size()[m[K; i++) {
      |                          [01;35m[K~~^~~~~~~~~~~~~[m[K
[01m[Kc++:[m[K [01;31m[Kfatal error: [m[KKilled signal terminated program cc1plus
compilation terminated.
make[2]: *** [CMakeFiles/super.dir/build.make:128: CMakeFiles/super.dir/src/traj_opt/backup_traj_optimizer_s4.cpp.o] Error 1
make[2]: *** Waiting for unfinished jobs....
make[1]: *** [CMakeFiles/Makefile2:2125: CMakeFiles/super.dir/all] Error 2
make: *** [Makefile:141: all] Error 2
