Not searching for unused variables given on the command line.
[36m--[0m ROS version: NOETIC
Using ROS1
[36m--[0m Using CATKIN_DEVEL_PREFIX: /home/thurdparty/Code/SUPER/devel/.private/super_planner
[36m--[0m Using CMAKE_PREFIX_PATH: /home/thurdparty/Code/SUPER/devel;/opt/ros/noetic
[36m--[0m This workspace overlays: /home/thurdparty/Code/SUPER/devel;/opt/ros/noetic
[36m--[0m Found PythonInterp: /usr/bin/python3 (found suitable version "3.8.10", minimum required is "3")
[36m--[0m Using PYTHON_EXECUTABLE: /usr/bin/python3
[36m--[0m Using Debian Python package layout
[36m--[0m Using empy: /home/thurdparty/.local/lib/python3.8/site-packages/em.py
[36m--[0m Using CATKIN_ENABLE_TESTING: ON
[36m--[0m Call enable_testing()
[36m--[0m Using CATKIN_TEST_RESULTS_DIR: /home/thurdparty/Code/SUPER/build/super_planner/test_results
[36m--[0m Forcing gtest/gmock from source, though one was otherwise available.
[36m--[0m Found gtest sources under '/usr/src/googletest': gtests will be built
[36m--[0m Found gmock sources under '/usr/src/googletest': gmock will be built
[36m--[0m Found PythonInterp: /usr/bin/python3 (found version "3.8.10")
[36m--[0m Using Python nosetests: /usr/bin/nosetests3
[36m--[0m catkin 0.8.12
[36m--[0m BUILD_SHARED_LIBS is on
[36m--[0m Using these message generators: gencpp;geneus;genlisp;gennodejs;genpy
[36m--[0m Could NOT find quadrotor_msgs (missing: quadrotor_msgs_DIR)
[36m--[0m Could not find the required component 'quadrotor_msgs'. The following CMake error indicates that you either need to install the package with the same name or change your environment so that it can be found.
[31m[1mCMake Error[0m at /opt/ros/noetic/share/catkin/cmake/catkinConfig.cmake:83 (find_package):
  Could not find a package configuration file provided by "quadrotor_msgs"
  with any of the following names:

    quadrotor_msgsConfig.cmake
    quadrotor_msgs-config.cmake

  Add the installation prefix of "quadrotor_msgs" to CMAKE_PREFIX_PATH or set
  "quadrotor_msgs_DIR" to a directory containing one of the above files.  If
  "quadrotor_msgs" provides a separate development package or SDK, be sure it
  has been installed.
[36mCall Stack (most recent call first):[0m
  CMakeLists.txt:24 (find_package)


[36m--[0m Configuring incomplete, errors occurred!
See also "/home/thurdparty/Code/SUPER/build/super_planner/CMakeFiles/CMakeOutput.log".
See also "/home/thurdparty/Code/SUPER/build/super_planner/CMakeFiles/CMakeError.log".
