[  3%] [32mBuilding CXX object CMakeFiles/super.dir/src/super_core/ciri.cpp.o[0m
[  7%] [32mBuilding CXX object CMakeFiles/super.dir/src/super_core/corridor_generator.cpp.o[0m
[ 15%] [32mBuilding CXX object CMakeFiles/super.dir/src/super_core/fsm.cpp.o[0m
[ 15%] [32mBuilding CXX object CMakeFiles/super.dir/src/traj_opt/yaw_traj_opt.cpp.o[0m
[ 26%] [32mBuilding CXX object CMakeFiles/super.dir/src/traj_opt/backup_traj_optimizer_s4.cpp.o[0m
[ 26%] [32mBuilding CXX object CMakeFiles/super.dir/src/utils/banded_system.cpp.o[0m
[ 26%] [32mBuilding CXX object CMakeFiles/super.dir/src/traj_opt/exp_traj_optimizer_s4.cpp.o[0m
In file included from [01m[K/workspace/src/super_planner/include/utils/header/type_utils.hpp:31[m[K,
                 from [01m[K/workspace/src/super_planner/include/data_structure/base/polytope.h:27[m[K,
                 from [01m[K/workspace/src/super_planner/include/super_core/ciri.h:51[m[K,
                 from [01m[K/workspace/src/super_planner/src/super_core/ciri.cpp:24[m[K:
[01m[K/workspace/src/super_planner/include/utils/header/backward.hpp:246:10:[m[K [01;31m[Kfatal error: [m[Kdwarf.h: No such file or directory
  246 | #include [01;31m[K<dwarf.h>[m[K
      |          [01;31m[K^~~~~~~~~[m[K
compilation terminated.
In file included from [01m[K/workspace/src/super_planner/include/utils/header/type_utils.hpp:31[m[K,
                 from [01m[K/workspace/src/super_planner/include/data_structure/base/piece.h:50[m[K,
                 from [01m[K/workspace/src/super_planner/include/data_structure/base/trajectory.h:51[m[K,
                 from [01m[K/workspace/src/super_planner/include/traj_opt/minco.h:50[m[K,
                 from [01m[K/workspace/src/super_planner/include/traj_opt/exp_traj_optimizer_s4.h:31[m[K,
                 from [01m[K/workspace/src/super_planner/src/traj_opt/exp_traj_optimizer_s4.cpp:24[m[K:
[01m[K/workspace/src/super_planner/include/utils/header/backward.hpp:246:10:[m[K [01;31m[Kfatal error: [m[Kdwarf.h: No such file or directory
  246 | #include [01;31m[K<dwarf.h>[m[K
      |          [01;31m[K^~~~~~~~~[m[K
In file included from [01m[K/workspace/src/super_planner/include/utils/header/type_utils.hpp:31[m[K,
                 from [01m[K/workspace/src/super_planner/include/data_structure/base/piece.h:50[m[K,
                 from [01m[K/workspace/src/super_planner/include/data_structure/base/trajectory.h:51[m[K,
                 from [01m[K/workspace/src/super_planner/include/traj_opt/minco.h:50[m[K,
                 from [01m[K/workspace/src/super_planner/include/traj_opt/backup_traj_optimizer_s4.h:29[m[K,
                 from [01m[K/workspace/src/super_planner/src/traj_opt/backup_traj_optimizer_s4.cpp:24[m[K:
[01m[K/workspace/src/super_planner/include/utils/header/backward.hpp:246:10:[m[K [01;31m[Kfatal error: [m[Kdwarf.h: No such file or directory
  246 | #include [01;31m[K<dwarf.h>[m[K
      |          [01;31m[K^~~~~~~~~[m[K
compilation terminated.
compilation terminated.
make[2]: *** [CMakeFiles/super.dir/build.make:76: CMakeFiles/super.dir/src/super_core/ciri.cpp.o] Error 1
make[2]: *** Waiting for unfinished jobs....
make[2]: *** [CMakeFiles/super.dir/build.make:128: CMakeFiles/super.dir/src/traj_opt/backup_traj_optimizer_s4.cpp.o] Error 1
make[2]: *** [CMakeFiles/super.dir/build.make:141: CMakeFiles/super.dir/src/traj_opt/exp_traj_optimizer_s4.cpp.o] Error 1
In file included from [01m[K/workspace/src/super_planner/include/utils/header/type_utils.hpp:31[m[K,
                 from [01m[K/workspace/src/super_planner/include/utils/geometry/geometry_utils.h:50[m[K,
                 from [01m[K/workspace/src/super_planner/include/traj_opt/yaw_traj_opt.h:29[m[K,
                 from [01m[K/workspace/src/super_planner/src/traj_opt/yaw_traj_opt.cpp:24[m[K:
[01m[K/workspace/src/super_planner/include/utils/header/backward.hpp:246:10:[m[K [01;31m[Kfatal error: [m[Kdwarf.h: No such file or directory
  246 | #include [01;31m[K<dwarf.h>[m[K
      |          [01;31m[K^~~~~~~~~[m[K
compilation terminated.
make[2]: *** [CMakeFiles/super.dir/build.make:154: CMakeFiles/super.dir/src/traj_opt/yaw_traj_opt.cpp.o] Error 1
[01m[K/workspace/src/super_planner/src/super_core/corridor_generator.cpp:[m[K In member function ‘[01m[Kbool super_planner::CorridorGenerator::SearchPolytopeOnPath(const vec_Vec3f&, geometry_utils::PolytopeVec&, super_utils::Vec3f&, bool)[m[K’:
[01m[K/workspace/src/super_planner/src/super_core/corridor_generator.cpp:76:24:[m[K [01;35m[Kwarning: [m[Kcomparison of integer expressions of different signedness: ‘[01m[Kint[m[K’ and ‘[01m[Kstd::vector<Eigen::Matrix<double, 3, 1>, Eigen::aligned_allocator<Eigen::Matrix<double, 3, 1> > >::size_type[m[K’ {aka ‘[01m[Klong unsigned int[m[K’} [[01;35m[K-Wsign-compare[m[K]
   76 |         while([01;35m[Kfirst_id < path.size()[m[K && map_ptr_->isOccupiedInflate(path[first_id])) {
      |               [01;35m[K~~~~~~~~~^~~~~~~~~~~~~[m[K
[01m[K/workspace/src/super_planner/src/super_core/corridor_generator.cpp:89:42:[m[K [01;35m[Kwarning: [m[Kcomparison of integer expressions of different signedness: ‘[01m[Kint[m[K’ and ‘[01m[Kstd::vector<Eigen::Matrix<double, 3, 1>, Eigen::aligned_allocator<Eigen::Matrix<double, 3, 1> > >::size_type[m[K’ {aka ‘[01m[Klong unsigned int[m[K’} [[01;35m[K-Wsign-compare[m[K]
   89 |             for (int j = first_id + 1; [01;35m[Kj < path.size()[m[K; j++) {
      |                                        [01;35m[K~~^~~~~~~~~~~~~[m[K
[01m[K/workspace/src/super_planner/src/super_core/corridor_generator.cpp:105:56:[m[K [01;35m[Kwarning: [m[Kcomparison of integer expressions of different signedness: ‘[01m[Kint[m[K’ and ‘[01m[Kstd::vector<Eigen::Matrix<double, 3, 1>, Eigen::aligned_allocator<Eigen::Matrix<double, 3, 1> > >::size_type[m[K’ {aka ‘[01m[Klong unsigned int[m[K’} [[01;35m[K-Wsign-compare[m[K]
  105 |             if (second_id == first_id && [01;35m[Ksecond_id + 1 < path.size()[m[K) {
      |                                          [01;35m[K~~~~~~~~~~~~~~^~~~~~~~~~~~~[m[K
[01m[K/workspace/src/super_planner/src/super_core/corridor_generator.cpp:177:27:[m[K [01;35m[Kwarning: [m[Kcomparison of integer expressions of different signedness: ‘[01m[Kint[m[K’ and ‘[01m[Kstd::vector<Eigen::Matrix<double, 3, 1>, Eigen::aligned_allocator<Eigen::Matrix<double, 3, 1> > >::size_type[m[K’ {aka ‘[01m[Klong unsigned int[m[K’} [[01;35m[K-Wsign-compare[m[K]
  177 |             if ([01;35m[Ksecond_id == path.size() - 1[m[K) {
      |                 [01;35m[K~~~~~~~~~~^~~~~~~~~~~~~~~~~~[m[K
make[1]: *** [CMakeFiles/Makefile2:2125: CMakeFiles/super.dir/all] Error 2
make: *** [Makefile:141: all] Error 2
